./weka/associations/Apriori.class
./weka/associations/Associator.class
./weka/associations/ItemSet.class
./weka/attributeSelection/ASEvaluation.class
./weka/attributeSelection/ASSearch.class
./weka/attributeSelection/AttributeEvaluator.class
./weka/attributeSelection/AttributeSelection.class
./weka/attributeSelection/AttributeTransformer.class
./weka/attributeSelection/BestFirst$Link2.class
./weka/attributeSelection/BestFirst$LinkedList2.class
./weka/attributeSelection/BestFirst.class
./weka/attributeSelection/StartSetHandler.class
./weka/attributeSelection/CfsSubsetEval.class
./weka/attributeSelection/SubsetEvaluator.class
./weka/attributeSelection/ChiSquaredAttributeEval.class
./weka/attributeSelection/ClassifierSubsetEval.class
./weka/attributeSelection/HoldOutSubsetEvaluator.class
./weka/attributeSelection/ErrorBasedMeritEvaluator.class
./weka/attributeSelection/ConsistencySubsetEval$hashKey.class
./weka/attributeSelection/ConsistencySubsetEval.class
./weka/attributeSelection/ExhaustiveSearch.class
./weka/attributeSelection/ForwardSelection.class
./weka/attributeSelection/RankedOutputSearch.class
./weka/attributeSelection/GainRatioAttributeEval.class
./weka/attributeSelection/GeneticSearch$GABitSet.class
./weka/attributeSelection/GeneticSearch.class
./weka/attributeSelection/InfoGainAttributeEval.class
./weka/attributeSelection/MatlabICA.class
./weka/attributeSelection/MatlabNMF.class
./weka/attributeSelection/MatlabPCA.class
./weka/attributeSelection/OneRAttributeEval.class
./weka/attributeSelection/PrincipalComponents.class
./weka/attributeSelection/UnsupervisedAttributeEvaluator.class
./weka/attributeSelection/RaceSearch.class
./weka/attributeSelection/RandomSearch.class
./weka/attributeSelection/RankSearch.class
./weka/attributeSelection/Ranker.class
./weka/attributeSelection/ReliefFAttributeEval.class
./weka/attributeSelection/SVMAttributeEval.class
./weka/attributeSelection/SymmetricalUncertAttributeEval.class
./weka/attributeSelection/UnsupervisedSubsetEvaluator.class
./weka/attributeSelection/WrapperSubsetEval.class
./weka/classifiers/bayes/ADNode.class
./weka/classifiers/bayes/VaryNode.class
./weka/classifiers/bayes/BayesNet.class
./weka/classifiers/bayes/ParentSet.class
./weka/classifiers/bayes/BayesNetB.class
./weka/classifiers/bayes/BayesNetB2.class
./weka/classifiers/bayes/BayesNetK2.class
./weka/classifiers/bayes/DiscreteEstimatorBayes.class
./weka/classifiers/bayes/Scoreable.class
./weka/classifiers/bayes/NaiveBayes.class
./weka/classifiers/bayes/NaiveBayesSimple.class
./weka/classifiers/bayes/NaiveBayesUpdateable.class
./weka/classifiers/bayes/NaiveBayesSimpleSoft.class
./weka/classifiers/bayes/SemiSupEM.class
./weka/classifiers/evaluation/ConfusionMatrix.class
./weka/classifiers/evaluation/NominalPrediction.class
./weka/classifiers/evaluation/Prediction.class
./weka/classifiers/evaluation/TwoClassStats.class
./weka/classifiers/evaluation/CostCurve.class
./weka/classifiers/evaluation/EvaluationUtils.class
./weka/classifiers/evaluation/MarginCurve.class
./weka/classifiers/evaluation/NumericPrediction.class
./weka/classifiers/evaluation/ThresholdCurve.class
./weka/classifiers/functions/neural/LinearUnit.class
./weka/classifiers/functions/neural/NeuralMethod.class
./weka/classifiers/functions/neural/NeuralNode.class
./weka/classifiers/functions/neural/NeuralConnection.class
./weka/classifiers/functions/neural/NeuralNetwork$NeuralEnd.class
./weka/classifiers/functions/neural/NeuralNetwork$1.class
./weka/classifiers/functions/neural/NeuralNetwork$NodePanel.class
./weka/classifiers/functions/neural/NeuralNetwork$2.class
./weka/classifiers/functions/neural/NeuralNetwork$3.class
./weka/classifiers/functions/neural/NeuralNetwork$4.class
./weka/classifiers/functions/neural/NeuralNetwork$5.class
./weka/classifiers/functions/neural/NeuralNetwork$6.class
./weka/classifiers/functions/neural/NeuralNetwork$ControlPanel.class
./weka/classifiers/functions/neural/NeuralNetwork$7.class
./weka/classifiers/functions/neural/NeuralNetwork.class
./weka/classifiers/functions/neural/SigmoidUnit.class
./weka/classifiers/functions/pace/ChisqMixture.class
./weka/classifiers/functions/pace/MixtureDistribution.class
./weka/classifiers/functions/pace/DoubleVector.class
./weka/classifiers/functions/pace/PaceMatrix.class
./weka/classifiers/functions/pace/Matrix.class
./weka/classifiers/functions/pace/DiscreteFunction.class
./weka/classifiers/functions/pace/IntVector.class
./weka/classifiers/functions/pace/ExponentialFormat.class
./weka/classifiers/functions/pace/FlexibleDecimalFormat.class
./weka/classifiers/functions/pace/FloatingPointFormat.class
./weka/classifiers/functions/pace/Maths.class
./weka/classifiers/functions/pace/NormalMixture.class
./weka/classifiers/functions/pace/PaceRegression.class
./weka/classifiers/functions/LeastMedSq.class
./weka/classifiers/functions/LinearRegression.class
./weka/classifiers/functions/Logistic.class
./weka/classifiers/functions/SMO$BinarySMO$Kernel.class
./weka/classifiers/functions/SMO$BinarySMO$NormalizedPolyKernel.class
./weka/classifiers/functions/SMO$BinarySMO$PolyKernel.class
./weka/classifiers/functions/SMO$BinarySMO$RBFKernel.class
./weka/classifiers/functions/SMO$BinarySMO$SMOset.class
./weka/classifiers/functions/SMO$BinarySMO.class
./weka/classifiers/functions/SMO$1.class
./weka/classifiers/functions/SMO.class
./weka/classifiers/functions/UnivariateLinearRegression.class
./weka/classifiers/functions/VotedPerceptron.class
./weka/classifiers/functions/Winnow.class
./weka/classifiers/lazy/kstar/KStar.class
./weka/classifiers/lazy/kstar/KStarConstants.class
./weka/classifiers/lazy/kstar/KStarCache$CacheTable.class
./weka/classifiers/lazy/kstar/KStarCache$TableEntry.class
./weka/classifiers/lazy/kstar/KStarCache.class
./weka/classifiers/lazy/kstar/KStarNominalAttribute.class
./weka/classifiers/lazy/kstar/KStarWrapper.class
./weka/classifiers/lazy/kstar/KStarNumericAttribute.class
./weka/classifiers/lazy/IB1.class
./weka/classifiers/lazy/IBk$NeighbourNode.class
./weka/classifiers/lazy/IBk$NeighbourList.class
./weka/classifiers/lazy/IBk.class
./weka/classifiers/lazy/LBR$Indexes.class
./weka/classifiers/lazy/LBR.class
./weka/classifiers/lazy/LWR.class
./weka/classifiers/meta/AdaBoostM1.class
./weka/classifiers/meta/AdditiveRegression.class
./weka/classifiers/meta/AttributeSelectedClassifier.class
./weka/classifiers/meta/Bagging.class
./weka/classifiers/meta/CVParameterSelection$CVParameter.class
./weka/classifiers/meta/CVParameterSelection.class
./weka/classifiers/meta/ClassificationViaRegression.class
./weka/classifiers/meta/CostSensitiveClassifier.class
./weka/classifiers/meta/DEC.class
./weka/classifiers/meta/DistributionMetaClassifier.class
./weka/classifiers/meta/FilteredClassifier.class
./weka/classifiers/meta/LogitBoost.class
./weka/classifiers/meta/MetaCost.class
./weka/classifiers/meta/MultiBoostAB.class
./weka/classifiers/meta/MultiClassClassifier$Code.class
./weka/classifiers/meta/MultiClassClassifier$StandardCode.class
./weka/classifiers/meta/MultiClassClassifier$RandomCode.class
./weka/classifiers/meta/MultiClassClassifier$ExhaustiveCode.class
./weka/classifiers/meta/MultiClassClassifier$1.class
./weka/classifiers/meta/MultiClassClassifier.class
./weka/classifiers/meta/MultiScheme.class
./weka/classifiers/meta/OrdinalClassClassifier.class
./weka/classifiers/meta/RacedIncrementalLogitBoost$Committee.class
./weka/classifiers/meta/RacedIncrementalLogitBoost.class
./weka/classifiers/meta/RegressionByDiscretization.class
./weka/classifiers/meta/Stacking.class
./weka/classifiers/meta/ThresholdSelector.class
./weka/classifiers/meta/TestEnsembleClassifier.class
./weka/classifiers/meta/SemiSupDecorate.class
./weka/classifiers/meta/Decorate.class
./weka/classifiers/meta/ActiveDecorate$1.class
./weka/classifiers/meta/ActiveDecorate$Pair.class
./weka/classifiers/meta/ActiveDecorate.class
./weka/classifiers/meta/Crate.class
./weka/classifiers/meta/QBag$1.class
./weka/classifiers/meta/QBag.class
./weka/classifiers/meta/QBoost$1.class
./weka/classifiers/meta/QBoost.class
./weka/classifiers/meta/Fable$1.class
./weka/classifiers/meta/Fable$2.class
./weka/classifiers/meta/Fable.class
./weka/classifiers/misc/HyperPipes$HyperPipe.class
./weka/classifiers/misc/HyperPipes.class
./weka/classifiers/misc/VFI.class
./weka/classifiers/misc/Prototype.class
./weka/classifiers/misc/PrototypeMetric.class
./weka/classifiers/rules/part/C45PruneableDecList.class
./weka/classifiers/rules/part/ClassifierDecList.class
./weka/classifiers/rules/part/MakeDecList.class
./weka/classifiers/rules/part/PART.class
./weka/classifiers/rules/part/PruneableDecList.class
./weka/classifiers/rules/ZeroR.class
./weka/classifiers/rules/ConjunctiveRule$Antd.class
./weka/classifiers/rules/ConjunctiveRule$NumericAntd.class
./weka/classifiers/rules/ConjunctiveRule$NominalAntd.class
./weka/classifiers/rules/ConjunctiveRule.class
./weka/classifiers/rules/DecisionTable$Link.class
./weka/classifiers/rules/DecisionTable$LinkedList.class
./weka/classifiers/rules/DecisionTable$hashKey.class
./weka/classifiers/rules/DecisionTable.class
./weka/classifiers/rules/JRip$Antd.class
./weka/classifiers/rules/JRip$NumericAntd.class
./weka/classifiers/rules/JRip$NominalAntd.class
./weka/classifiers/rules/JRip$RipperRule.class
./weka/classifiers/rules/JRip.class
./weka/classifiers/rules/RuleStats.class
./weka/classifiers/rules/Rule.class
./weka/classifiers/rules/M5Rules.class
./weka/classifiers/rules/OneR$OneRRule.class
./weka/classifiers/rules/OneR.class
./weka/classifiers/rules/Prism$PrismRule.class
./weka/classifiers/rules/Prism$Test.class
./weka/classifiers/rules/Prism$1.class
./weka/classifiers/rules/Prism.class
./weka/classifiers/rules/Ridor$Ridor_node.class
./weka/classifiers/rules/Ridor$RidorRule.class
./weka/classifiers/rules/Ridor$Antd.class
./weka/classifiers/rules/Ridor$NumericAntd.class
./weka/classifiers/rules/Ridor$NominalAntd.class
./weka/classifiers/rules/Ridor$1.class
./weka/classifiers/rules/Ridor.class
./weka/classifiers/sparse/IBkMetric$NeighborNode.class
./weka/classifiers/sparse/IBkMetric$NeighborList.class
./weka/classifiers/sparse/IBkMetric.class
./weka/classifiers/sparse/NaiveBayesSimpleSparse.class
./weka/classifiers/sparse/SVMlight.class
./weka/classifiers/sparse/NaiveBayesSimpleSparseSoft.class
./weka/classifiers/trees/adtree/ADTree.class
./weka/classifiers/trees/adtree/PredictionNode.class
./weka/classifiers/trees/adtree/Splitter.class
./weka/classifiers/trees/adtree/ReferenceInstances.class
./weka/classifiers/trees/adtree/TwoWayNominalSplit.class
./weka/classifiers/trees/adtree/TwoWayNumericSplit.class
./weka/classifiers/trees/j48/ModelSelection.class
./weka/classifiers/trees/j48/EntropySplitCrit.class
./weka/classifiers/trees/j48/EntropyBasedSplitCrit.class
./weka/classifiers/trees/j48/SplitCriterion.class
./weka/classifiers/trees/j48/ClassifierSplitModel.class
./weka/classifiers/trees/j48/Distribution.class
./weka/classifiers/trees/j48/BinC45ModelSelection.class
./weka/classifiers/trees/j48/BinC45Split.class
./weka/classifiers/trees/j48/InfoGainSplitCrit.class
./weka/classifiers/trees/j48/GainRatioSplitCrit.class
./weka/classifiers/trees/j48/C45ModelSelection.class
./weka/classifiers/trees/j48/C45PruneableClassifierTree.class
./weka/classifiers/trees/j48/ClassifierTree.class
./weka/classifiers/trees/j48/C45Split.class
./weka/classifiers/trees/j48/J48.class
./weka/classifiers/trees/j48/NoSplit.class
./weka/classifiers/trees/j48/PruneableClassifierTree.class
./weka/classifiers/trees/j48/Stats.class
./weka/classifiers/trees/j48/FAT$1.class
./weka/classifiers/trees/j48/FAT.class
./weka/classifiers/trees/m5/M5Base.class
./weka/classifiers/trees/m5/CorrelationSplitInfo.class
./weka/classifiers/trees/m5/SplitEvaluate.class
./weka/classifiers/trees/m5/Impurity.class
./weka/classifiers/trees/m5/M5P.class
./weka/classifiers/trees/m5/Rule.class
./weka/classifiers/trees/m5/RuleNode.class
./weka/classifiers/trees/m5/Values.class
./weka/classifiers/trees/m5/YongSplitInfo.class
./weka/classifiers/trees/DecisionStump.class
./weka/classifiers/trees/Id3.class
./weka/classifiers/trees/REPTree$Tree.class
./weka/classifiers/trees/REPTree.class
./weka/classifiers/trees/RandomForest.class
./weka/classifiers/trees/RandomTree.class
./weka/classifiers/trees/UserClassifier$1.class
./weka/classifiers/trees/UserClassifier$2.class
./weka/classifiers/trees/UserClassifier$TreeClass.class
./weka/classifiers/trees/UserClassifier.class
./weka/classifiers/Classifier.class
./weka/classifiers/Evaluation.class
./weka/classifiers/CostMatrix.class
./weka/classifiers/Sourcable.class
./weka/classifiers/BVDecompose.class
./weka/classifiers/CheckClassifier.class
./weka/classifiers/DistributionClassifier.class
./weka/classifiers/IterativeClassifier.class
./weka/classifiers/UpdateableClassifier.class
./weka/classifiers/EnsembleClassifier.class
./weka/classifiers/EnsembleEvaluation.class
./weka/classifiers/SemiSupClassifier.class
./weka/classifiers/ActiveLearner.class
./weka/classifiers/SoftClassifier.class
./weka/classifiers/ActiveLearner$Pair.class
./weka/classifiers/ActiveFeatureAcquirer.class
./weka/classifiers/RegressionBVDecompose.class
./weka/clusterers/ActiveLearningClusterer.class
./weka/clusterers/InstancePair.class
./weka/clusterers/AlgVector.class
./weka/clusterers/Cluster.class
./weka/clusterers/ClusterEvaluation.class
./weka/clusterers/Clusterer.class
./weka/clusterers/Cobweb$CNode.class
./weka/clusterers/Cobweb.class
./weka/clusterers/DistributionClusterer.class
./weka/clusterers/DistributionMetaClusterer.class
./weka/clusterers/EM.class
./weka/clusterers/FarthestFirst.class
./weka/clusterers/HAC.class
./weka/clusterers/SemiSupClusterer.class
./weka/clusterers/PCKMeans.class
./weka/clusterers/SeededKMeans.class
./weka/clusterers/Seeder.class
./weka/clusterers/SemiSupClustererEvaluation.class
./weka/clusterers/SimpleKMeans.class
./weka/clusterers/XMeans.class
./weka/clusterers/MPCKMeans.class
./weka/clusterers/MPCKMeans$1MajorityChecker.class
./weka/clusterers/PCSoftKMeans.class
./weka/core/converters/AbstractLoader.class
./weka/core/converters/Loader.class
./weka/core/converters/ArffLoader.class
./weka/core/converters/BatchLoader.class
./weka/core/converters/IncrementalLoader.class
./weka/core/converters/C45Loader.class
./weka/core/converters/CSVLoader.class
./weka/core/converters/ConverterUtils.class
./weka/core/converters/SerializedInstancesLoader.class
./weka/core/metrics/Metric.class
./weka/core/metrics/AttrEvalMetricLearner.class
./weka/core/metrics/MetricLearner.class
./weka/core/metrics/LearnableMetric.class
./weka/core/metrics/ClassifierMetricLearner.class
./weka/core/metrics/MatlabMetricLearner.class
./weka/core/metrics/WeightedDotP.class
./weka/core/metrics/WeightedEuclidean.class
./weka/core/metrics/JensenShannon.class
./weka/core/metrics/KL.class
./weka/core/metrics/PairwiseSelector.class
./weka/core/metrics/TrainingPair.class
./weka/core/metrics/HardPairwiseSelector$ReverseComparator.class
./weka/core/metrics/HardPairwiseSelector.class
./weka/core/metrics/GDMetricLearner.class
./weka/core/metrics/RandomPairwiseSelector.class
./weka/core/metrics/InstanceConverter.class
./weka/core/metrics/XingMetric.class
./weka/core/metrics/BarHillelMetric.class
./weka/core/metrics/JMatLink.class
./weka/core/metrics/WeightedMahalanobis.class
./weka/core/metrics/BarHillelMetricMatlab.class
./weka/core/OptionHandler.class
./weka/core/Tag.class
./weka/core/FastVector$FastVectorEnumeration.class
./weka/core/FastVector.class
./weka/core/Copyable.class
./weka/core/Instances.class
./weka/core/SelectedTag.class
./weka/core/Instance.class
./weka/core/Attribute$1.class
./weka/core/Attribute.class
./weka/core/AttributeStats.class
./weka/core/ProtectedProperties.class
./weka/core/Range.class
./weka/core/Queue$QueueNode.class
./weka/core/Queue.class
./weka/core/WeightedInstancesHandler.class
./weka/core/Matrix.class
./weka/core/Summarizable.class
./weka/core/KDTree$KDTreeNode.class
./weka/core/KDTree$1.class
./weka/core/KDTree.class
./weka/core/DistanceFunction.class
./weka/core/DynamicArrayOfPosInt.class
./weka/core/AdditionalMeasureProducer.class
./weka/core/Drawable.class
./weka/core/Randomizable.class
./weka/core/Matchable.class
./weka/core/AlgVector.class
./weka/core/BinarySparseInstance.class
./weka/core/SparseInstance.class
./weka/core/CheckOptionHandler.class
./weka/core/ContingencyTables.class
./weka/core/EuclideanDistance.class
./weka/core/NoSupportForMissingValuesException.class
./weka/core/WekaException.class
./weka/core/Optimization.class
./weka/core/Option.class
./weka/core/RandomVariates.class
./weka/core/SerializedObject.class
./weka/core/SpecialFunctions.class
./weka/core/Statistics.class
./weka/core/UnassignedClassException.class
./weka/core/UnassignedDatasetException.class
./weka/core/UnsupportedAttributeTypeException.class
./weka/core/UnsupportedClassTypeException.class
./weka/core/Utils.class
./weka/core/Pair.class
./weka/core/SoftClassifiedInstances.class
./weka/core/SoftClassifiedInstance.class
./weka/core/SoftClassifiedFullInstance.class
./weka/core/SoftClassifiedSparseInstance.class
./weka/datagenerators/BIRCHCluster$Cluster.class
./weka/datagenerators/BIRCHCluster$GridVector.class
./weka/datagenerators/BIRCHCluster$1.class
./weka/datagenerators/BIRCHCluster.class
./weka/datagenerators/ClusterGenerator.class
./weka/datagenerators/DirectoryDocumentReader$AcceptsDirectories.class
./weka/datagenerators/DirectoryDocumentReader$AcceptsFiles.class
./weka/datagenerators/DirectoryDocumentReader.class
./weka/datagenerators/DocumentReader.class
./weka/datagenerators/TextSource$Int.class
./weka/datagenerators/TextSource$Real.class
./weka/datagenerators/TextSource$DataRow.class
./weka/datagenerators/TextSource$Table.class
./weka/datagenerators/TextSource$Token.class
./weka/datagenerators/TextSource.class
./weka/datagenerators/Generator.class
./weka/datagenerators/Lexer.class
./weka/datagenerators/LowerCaseFilter.class
./weka/datagenerators/TokenFilter.class
./weka/datagenerators/PorterStemmer.class
./weka/datagenerators/RDG1$RuleList.class
./weka/datagenerators/RDG1$1.class
./weka/datagenerators/RDG1.class
./weka/datagenerators/Test.class
./weka/datagenerators/SimpleLexer.class
./weka/datagenerators/StopWordFilter.class
./weka/datagenerators/WordLengthFilter.class
./weka/estimators/Estimator.class
./weka/estimators/ConditionalEstimator.class
./weka/estimators/DDConditionalEstimator.class
./weka/estimators/DiscreteEstimator.class
./weka/estimators/DKConditionalEstimator.class
./weka/estimators/KernelEstimator.class
./weka/estimators/DNConditionalEstimator.class
./weka/estimators/NormalEstimator.class
./weka/estimators/KDConditionalEstimator.class
./weka/estimators/KKConditionalEstimator.class
./weka/estimators/MahalanobisEstimator.class
./weka/estimators/NDConditionalEstimator.class
./weka/estimators/NNConditionalEstimator.class
./weka/estimators/PoissonEstimator.class
./weka/experiment/Stats.class
./weka/experiment/AveragingResultProducer.class
./weka/experiment/ResultListener.class
./weka/experiment/ResultProducer.class
./weka/experiment/CSVResultListener.class
./weka/experiment/ClassifierSplitEvaluator.class
./weka/experiment/SplitEvaluator.class
./weka/experiment/Compute.class
./weka/experiment/Task.class
./weka/experiment/TaskStatusInfo.class
./weka/experiment/CostSensitiveClassifierSplitEvaluator.class
./weka/experiment/CrossValidationResultProducer.class
./weka/experiment/OutputZipper.class
./weka/experiment/DatabaseResultListener.class
./weka/experiment/DatabaseUtils.class
./weka/experiment/DatabaseResultProducer.class
./weka/experiment/Experiment.class
./weka/experiment/PropertyNode.class
./weka/experiment/Grapher.class
./weka/experiment/InstanceQuery.class
./weka/experiment/InstancesResultListener.class
./weka/experiment/LearningCurveCrossValidationResultProducer.class
./weka/experiment/LearningRateResultProducer.class
./weka/experiment/PairedStats.class
./weka/experiment/PairedTTester$DatasetSpecifiers.class
./weka/experiment/PairedTTester$Dataset.class
./weka/experiment/PairedTTester$Resultset.class
./weka/experiment/PairedTTester$1.class
./weka/experiment/PairedTTester.class
./weka/experiment/RandomSplitResultProducer.class
./weka/experiment/RegressionSplitEvaluator.class
./weka/experiment/RemoteEngine$1.class
./weka/experiment/RemoteEngine$2.class
./weka/experiment/RemoteEngine.class
./weka/experiment/RemoteExperiment$1.class
./weka/experiment/RemoteExperiment.class
./weka/experiment/RemoteExperimentListener.class
./weka/experiment/RemoteExperimentEvent.class
./weka/experiment/RemoteExperimentSubTask.class
./weka/experiment/SemiSupClustererSplitEvaluator.class
./weka/experiment/SemiSupIncompleteLabelCurveCVResultProducer.class
./weka/experiment/SemiSupLearningCurveCVResultProducer.class
./weka/experiment/SemiSupPairActiveCurveCVResultProducer.class
./weka/experiment/SemiSupPointActiveCurveCVResultProducer.class
./weka/experiment/EnsembleClassifierSplitEvaluator.class
./weka/experiment/DeduperSplitEvaluator.class
./weka/experiment/SemiSupSplitEvaluator.class
./weka/experiment/DedupingPRCurveCVResultProducer.class
./weka/experiment/ExtractionResultProducer.class
./weka/experiment/ExtractionSplitEvaluator.class
./weka/experiment/SemiSupCrossValidationResultProducer.class
./weka/experiment/DedupingPRCurveCVResultProducerSplit.class
./weka/experiment/ActiveLearningCurveCVResultProducer.class
./weka/experiment/SemiSupClassifierSplitEvaluator.class
./weka/experiment/ActiveFeatureAcquisitionCVResultProducer.class
./weka/experiment/NoiseCurveCrossValidationResultProducer.class
./weka/experiment/NoiseGrapher.class
./weka/filters/supervised/attribute/Discretize.class
./weka/filters/supervised/attribute/NominalToBinary.class
./weka/filters/supervised/attribute/AttributeSelection.class
./weka/filters/supervised/attribute/ClassOrder.class
./weka/filters/supervised/instance/Resample.class
./weka/filters/supervised/instance/SpreadSubsample.class
./weka/filters/supervised/instance/StratifiedRemoveFolds.class
./weka/filters/unsupervised/attribute/Remove.class
./weka/filters/unsupervised/attribute/ReplaceMissingValues.class
./weka/filters/unsupervised/attribute/Normalize.class
./weka/filters/unsupervised/attribute/NominalToBinary.class
./weka/filters/unsupervised/attribute/MakeIndicator.class
./weka/filters/unsupervised/attribute/Discretize.class
./weka/filters/unsupervised/attribute/AbstractTimeSeries.class
./weka/filters/unsupervised/attribute/Add.class
./weka/filters/unsupervised/attribute/AddCluster.class
./weka/filters/unsupervised/attribute/AddExpression$AttributeOperand.class
./weka/filters/unsupervised/attribute/AddExpression$NumericOperand.class
./weka/filters/unsupervised/attribute/AddExpression$Operator.class
./weka/filters/unsupervised/attribute/AddExpression.class
./weka/filters/unsupervised/attribute/AddNoise.class
./weka/filters/unsupervised/attribute/Copy.class
./weka/filters/unsupervised/attribute/FirstOrder.class
./weka/filters/unsupervised/attribute/MergeTwoValues.class
./weka/filters/unsupervised/attribute/NumericToBinary.class
./weka/filters/unsupervised/attribute/NumericTransform.class
./weka/filters/unsupervised/attribute/Obfuscate.class
./weka/filters/unsupervised/attribute/PKIDiscretize.class
./weka/filters/unsupervised/attribute/RemoveType.class
./weka/filters/unsupervised/attribute/RemoveUseless.class
./weka/filters/unsupervised/attribute/Standardize.class
./weka/filters/unsupervised/attribute/StringToNominal.class
./weka/filters/unsupervised/attribute/StringToWordVector$Count.class
./weka/filters/unsupervised/attribute/StringToWordVector.class
./weka/filters/unsupervised/attribute/SwapValues.class
./weka/filters/unsupervised/attribute/TimeSeriesDelta.class
./weka/filters/unsupervised/attribute/TimeSeriesTranslate.class
./weka/filters/unsupervised/attribute/UnitVector.class
./weka/filters/unsupervised/instance/RemoveRange.class
./weka/filters/unsupervised/instance/NonSparseToSparse.class
./weka/filters/unsupervised/instance/Randomize.class
./weka/filters/unsupervised/instance/RemoveFolds.class
./weka/filters/unsupervised/instance/RemoveMisclassified.class
./weka/filters/unsupervised/instance/RemovePercentage.class
./weka/filters/unsupervised/instance/RemoveWithValues.class
./weka/filters/unsupervised/instance/Resample.class
./weka/filters/unsupervised/instance/SparseToNonSparse.class
./weka/filters/Filter.class
./weka/filters/UnsupervisedFilter.class
./weka/filters/StreamableFilter.class
./weka/filters/SupervisedFilter.class
./weka/filters/AllFilter.class
./weka/filters/NullFilter.class
./weka/gui/beans/AbstractDataSource.class
./weka/gui/beans/DataSource.class
./weka/gui/beans/Visible.class
./weka/gui/beans/BeanVisual.class
./weka/gui/beans/DataSourceListener.class
./weka/gui/beans/InstanceListener.class
./weka/gui/beans/DataSetEvent.class
./weka/gui/beans/InstanceEvent.class
./weka/gui/beans/AbstractDataSourceBeanInfo.class
./weka/gui/beans/AbstractEvaluator.class
./weka/gui/beans/BeanCommon.class
./weka/gui/beans/AbstractTestSetProducer.class
./weka/gui/beans/TestSetProducer.class
./weka/gui/beans/TestSetListener.class
./weka/gui/beans/TestSetEvent.class
./weka/gui/beans/AbstractTestSetProducerBeanInfo.class
./weka/gui/beans/AbstractTrainAndTestSetProducer.class
./weka/gui/beans/TrainingSetProducer.class
./weka/gui/beans/TrainingSetListener.class
./weka/gui/beans/TrainingSetEvent.class
./weka/gui/beans/AbstractTrainAndTestSetProducerBeanInfo.class
./weka/gui/beans/AbstractTrainingSetProducer.class
./weka/gui/beans/AbstractTrainingSetProducerBeanInfo.class
./weka/gui/beans/BatchClassifierEvent.class
./weka/gui/beans/BatchClassifierListener.class
./weka/gui/beans/BeanConnection.class
./weka/gui/beans/BeanInstance.class
./weka/gui/beans/ChartEvent.class
./weka/gui/beans/ChartListener.class
./weka/gui/beans/ClassAssigner.class
./weka/gui/beans/EventConstraints.class
./weka/gui/beans/ClassAssignerBeanInfo.class
./weka/gui/beans/ClassAssignerCustomizer.class
./weka/gui/beans/Classifier$1.class
./weka/gui/beans/Classifier$2.class
./weka/gui/beans/Classifier.class
./weka/gui/beans/WekaWrapper.class
./weka/gui/beans/UserRequestAcceptor.class
./weka/gui/beans/IncrementalClassifierEvent.class
./weka/gui/beans/GraphListener.class
./weka/gui/beans/GraphEvent.class
./weka/gui/beans/TextListener.class
./weka/gui/beans/TextEvent.class
./weka/gui/beans/IncrementalClassifierListener.class
./weka/gui/beans/ClassifierBeanInfo.class
./weka/gui/beans/ClassifierCustomizer$1.class
./weka/gui/beans/ClassifierCustomizer$2.class
./weka/gui/beans/ClassifierCustomizer.class
./weka/gui/beans/ClassifierPerformanceEvaluator$1.class
./weka/gui/beans/ClassifierPerformanceEvaluator.class
./weka/gui/beans/ClassifierPerformanceEvaluatorBeanInfo.class
./weka/gui/beans/CrossValidationFoldMaker$1.class
./weka/gui/beans/CrossValidationFoldMaker.class
./weka/gui/beans/CrossValidationFoldMakerBeanInfo.class
./weka/gui/beans/CrossValidationFoldMakerCustomizer.class
./weka/gui/beans/DataVisualizer$1.class
./weka/gui/beans/DataVisualizer.class
./weka/gui/beans/DataVisualizerBeanInfo.class
./weka/gui/beans/Filter$1.class
./weka/gui/beans/Filter$2.class
./weka/gui/beans/Filter.class
./weka/gui/beans/FilterBeanInfo.class
./weka/gui/beans/FilterCustomizer$1.class
./weka/gui/beans/FilterCustomizer.class
./weka/gui/beans/GraphViewer$1.class
./weka/gui/beans/GraphViewer$2.class
./weka/gui/beans/GraphViewer$3.class
./weka/gui/beans/GraphViewer.class
./weka/gui/beans/GraphViewerBeanInfo.class
./weka/gui/beans/IncrementalClassifierEvaluator.class
./weka/gui/beans/IncrementalClassifierEvaluatorBeanInfo.class
./weka/gui/beans/KnowledgeFlow$BeanLayout.class
./weka/gui/beans/KnowledgeFlow$1.class
./weka/gui/beans/KnowledgeFlow$2.class
./weka/gui/beans/KnowledgeFlow$3.class
./weka/gui/beans/KnowledgeFlow$4.class
./weka/gui/beans/KnowledgeFlow$5.class
./weka/gui/beans/KnowledgeFlow$6.class
./weka/gui/beans/KnowledgeFlow$7.class
./weka/gui/beans/KnowledgeFlow$8.class
./weka/gui/beans/KnowledgeFlow$9.class
./weka/gui/beans/KnowledgeFlow$10.class
./weka/gui/beans/KnowledgeFlow$11.class
./weka/gui/beans/KnowledgeFlow$12.class
./weka/gui/beans/KnowledgeFlow$13.class
./weka/gui/beans/KnowledgeFlow$14.class
./weka/gui/beans/KnowledgeFlow.class
./weka/gui/beans/Loader$LoadThread.class
./weka/gui/beans/Loader.class
./weka/gui/beans/LoaderBeanInfo.class
./weka/gui/beans/LoaderCustomizer$1.class
./weka/gui/beans/LoaderCustomizer.class
./weka/gui/beans/StripChart$StripPlotter.class
./weka/gui/beans/StripChart$1.class
./weka/gui/beans/StripChart$2.class
./weka/gui/beans/StripChart$3.class
./weka/gui/beans/StripChart$4.class
./weka/gui/beans/StripChart$5.class
./weka/gui/beans/StripChart.class
./weka/gui/beans/StripChartBeanInfo.class
./weka/gui/beans/StripChartCustomizer.class
./weka/gui/beans/TestSetMaker.class
./weka/gui/beans/TestSetMakerBeanInfo.class
./weka/gui/beans/TextViewer$1.class
./weka/gui/beans/TextViewer.class
./weka/gui/beans/TextViewerBeanInfo.class
./weka/gui/beans/TrainTestSplitMaker$1.class
./weka/gui/beans/TrainTestSplitMaker.class
./weka/gui/beans/TrainTestSplitMakerBeanInfo.class
./weka/gui/beans/TrainTestSplitMakerCustomizer.class
./weka/gui/beans/TrainingSetMaker.class
./weka/gui/beans/TrainingSetMakerBeanInfo.class
./weka/gui/boundaryvisualizer/BoundaryPanel$PlotPanel.class
./weka/gui/boundaryvisualizer/BoundaryPanel$1.class
./weka/gui/boundaryvisualizer/BoundaryPanel$2.class
./weka/gui/boundaryvisualizer/BoundaryPanel.class
./weka/gui/boundaryvisualizer/DataGenerator.class
./weka/gui/boundaryvisualizer/BoundaryVisualizer$AxisPanel.class
./weka/gui/boundaryvisualizer/BoundaryVisualizer$1.class
./weka/gui/boundaryvisualizer/BoundaryVisualizer$2.class
./weka/gui/boundaryvisualizer/BoundaryVisualizer$3.class
./weka/gui/boundaryvisualizer/BoundaryVisualizer$4.class
./weka/gui/boundaryvisualizer/BoundaryVisualizer$5.class
./weka/gui/boundaryvisualizer/BoundaryVisualizer$6.class
./weka/gui/boundaryvisualizer/BoundaryVisualizer.class
./weka/gui/boundaryvisualizer/EMDataGenerator.class
./weka/gui/boundaryvisualizer/KDDataGenerator.class
./weka/gui/experiment/AlgorithmListPanel$ObjectCellRenderer.class
./weka/gui/experiment/AlgorithmListPanel$1.class
./weka/gui/experiment/AlgorithmListPanel$2.class
./weka/gui/experiment/AlgorithmListPanel$3.class
./weka/gui/experiment/AlgorithmListPanel.class
./weka/gui/experiment/DatasetListPanel$1.class
./weka/gui/experiment/DatasetListPanel.class
./weka/gui/experiment/DistributeExperimentPanel$1.class
./weka/gui/experiment/DistributeExperimentPanel$2.class
./weka/gui/experiment/DistributeExperimentPanel$3.class
./weka/gui/experiment/DistributeExperimentPanel$4.class
./weka/gui/experiment/DistributeExperimentPanel$5.class
./weka/gui/experiment/DistributeExperimentPanel.class
./weka/gui/experiment/HostListPanel$1.class
./weka/gui/experiment/HostListPanel.class
./weka/gui/experiment/Experimenter$1.class
./weka/gui/experiment/Experimenter$2.class
./weka/gui/experiment/Experimenter.class
./weka/gui/experiment/SetupModePanel$1.class
./weka/gui/experiment/SetupModePanel$2.class
./weka/gui/experiment/SetupModePanel.class
./weka/gui/experiment/SimpleSetupPanel$1.class
./weka/gui/experiment/SimpleSetupPanel$2.class
./weka/gui/experiment/SimpleSetupPanel$3.class
./weka/gui/experiment/SimpleSetupPanel$4.class
./weka/gui/experiment/SimpleSetupPanel$5.class
./weka/gui/experiment/SimpleSetupPanel$6.class
./weka/gui/experiment/SimpleSetupPanel$7.class
./weka/gui/experiment/SimpleSetupPanel$8.class
./weka/gui/experiment/SimpleSetupPanel$9.class
./weka/gui/experiment/SimpleSetupPanel$10.class
./weka/gui/experiment/SimpleSetupPanel$11.class
./weka/gui/experiment/SimpleSetupPanel$12.class
./weka/gui/experiment/SimpleSetupPanel$13.class
./weka/gui/experiment/SimpleSetupPanel$14.class
./weka/gui/experiment/SimpleSetupPanel$15.class
./weka/gui/experiment/SimpleSetupPanel.class
./weka/gui/experiment/SetupPanel$1.class
./weka/gui/experiment/SetupPanel$2.class
./weka/gui/experiment/SetupPanel$3.class
./weka/gui/experiment/SetupPanel$4.class
./weka/gui/experiment/SetupPanel$5.class
./weka/gui/experiment/SetupPanel$6.class
./weka/gui/experiment/SetupPanel$7.class
./weka/gui/experiment/SetupPanel$8.class
./weka/gui/experiment/SetupPanel$9.class
./weka/gui/experiment/SetupPanel$10.class
./weka/gui/experiment/SetupPanel$11.class
./weka/gui/experiment/SetupPanel.class
./weka/gui/experiment/GeneratorPropertyIteratorPanel$1.class
./weka/gui/experiment/GeneratorPropertyIteratorPanel$2.class
./weka/gui/experiment/GeneratorPropertyIteratorPanel.class
./weka/gui/experiment/RunNumberPanel$1.class
./weka/gui/experiment/RunNumberPanel$2.class
./weka/gui/experiment/RunNumberPanel$3.class
./weka/gui/experiment/RunNumberPanel$4.class
./weka/gui/experiment/RunNumberPanel$5.class
./weka/gui/experiment/RunNumberPanel.class
./weka/gui/experiment/RunPanel$1.class
./weka/gui/experiment/RunPanel$ExperimentRunner.class
./weka/gui/experiment/RunPanel$2.class
./weka/gui/experiment/RunPanel.class
./weka/gui/experiment/ResultsPanel$1.class
./weka/gui/experiment/ResultsPanel$3.class
./weka/gui/experiment/ResultsPanel$2.class
./weka/gui/experiment/ResultsPanel$5.class
./weka/gui/experiment/ResultsPanel$4.class
./weka/gui/experiment/ResultsPanel$7.class
./weka/gui/experiment/ResultsPanel$6.class
./weka/gui/experiment/ResultsPanel$8.class
./weka/gui/experiment/ResultsPanel$9.class
./weka/gui/experiment/ResultsPanel$10.class
./weka/gui/experiment/ResultsPanel$11.class
./weka/gui/experiment/ResultsPanel$12.class
./weka/gui/experiment/ResultsPanel$13.class
./weka/gui/experiment/ResultsPanel$14.class
./weka/gui/experiment/ResultsPanel.class
./weka/gui/experiment/ResultsPanel$15.class
./weka/gui/experiment/ResultsPanel$16.class
./weka/gui/explorer/AssociationsPanel$1.class
./weka/gui/explorer/AssociationsPanel$2.class
./weka/gui/explorer/AssociationsPanel$3.class
./weka/gui/explorer/AssociationsPanel$4.class
./weka/gui/explorer/AssociationsPanel$5.class
./weka/gui/explorer/AssociationsPanel$6.class
./weka/gui/explorer/AssociationsPanel$7.class
./weka/gui/explorer/AssociationsPanel$8.class
./weka/gui/explorer/AssociationsPanel$9.class
./weka/gui/explorer/AssociationsPanel$10.class
./weka/gui/explorer/AssociationsPanel$11.class
./weka/gui/explorer/AssociationsPanel.class
./weka/gui/explorer/AttributeSelectionPanel$1.class
./weka/gui/explorer/AttributeSelectionPanel$2.class
./weka/gui/explorer/AttributeSelectionPanel$3.class
./weka/gui/explorer/AttributeSelectionPanel$4.class
./weka/gui/explorer/AttributeSelectionPanel$5.class
./weka/gui/explorer/AttributeSelectionPanel$6.class
./weka/gui/explorer/AttributeSelectionPanel$7.class
./weka/gui/explorer/AttributeSelectionPanel$8.class
./weka/gui/explorer/AttributeSelectionPanel$9.class
./weka/gui/explorer/AttributeSelectionPanel$10.class
./weka/gui/explorer/AttributeSelectionPanel$11.class
./weka/gui/explorer/AttributeSelectionPanel$12.class
./weka/gui/explorer/AttributeSelectionPanel$13.class
./weka/gui/explorer/AttributeSelectionPanel$14.class
./weka/gui/explorer/AttributeSelectionPanel$15.class
./weka/gui/explorer/AttributeSelectionPanel.class
./weka/gui/explorer/ClassifierPanel$1.class
./weka/gui/explorer/ClassifierPanel$2.class
./weka/gui/explorer/ClassifierPanel$3.class
./weka/gui/explorer/ClassifierPanel$4.class
./weka/gui/explorer/ClassifierPanel$5.class
./weka/gui/explorer/ClassifierPanel$7.class
./weka/gui/explorer/ClassifierPanel$6.class
./weka/gui/explorer/ClassifierPanel$8.class
./weka/gui/explorer/ClassifierPanel$9.class
./weka/gui/explorer/ClassifierPanel$10.class
./weka/gui/explorer/ClassifierPanel$11.class
./weka/gui/explorer/ClassifierPanel$13.class
./weka/gui/explorer/ClassifierPanel$14.class
./weka/gui/explorer/ClassifierPanel$12.class
./weka/gui/explorer/ClassifierPanel$15.class
./weka/gui/explorer/ClassifierPanel$16.class
./weka/gui/explorer/ClassifierPanel$18.class
./weka/gui/explorer/ClassifierPanel$17.class
./weka/gui/explorer/ClassifierPanel$19.class
./weka/gui/explorer/ClassifierPanel$20.class
./weka/gui/explorer/ClassifierPanel$21.class
./weka/gui/explorer/ClassifierPanel$22.class
./weka/gui/explorer/ClassifierPanel$23.class
./weka/gui/explorer/ClassifierPanel$24.class
./weka/gui/explorer/ClassifierPanel$25.class
./weka/gui/explorer/ClassifierPanel$26.class
./weka/gui/explorer/ClassifierPanel$27.class
./weka/gui/explorer/ClassifierPanel$28.class
./weka/gui/explorer/ClassifierPanel$29.class
./weka/gui/explorer/ClassifierPanel$30.class
./weka/gui/explorer/ClassifierPanel$31.class
./weka/gui/explorer/ClassifierPanel$32.class
./weka/gui/explorer/ClassifierPanel$33.class
./weka/gui/explorer/ClassifierPanel.class
./weka/gui/explorer/ClustererPanel$1.class
./weka/gui/explorer/ClustererPanel$2.class
./weka/gui/explorer/ClustererPanel$3.class
./weka/gui/explorer/ClustererPanel$4.class
./weka/gui/explorer/ClustererPanel$5.class
./weka/gui/explorer/ClustererPanel$6.class
./weka/gui/explorer/ClustererPanel$7.class
./weka/gui/explorer/ClustererPanel$8.class
./weka/gui/explorer/ClustererPanel$9.class
./weka/gui/explorer/ClustererPanel$10.class
./weka/gui/explorer/ClustererPanel$12.class
./weka/gui/explorer/ClustererPanel$11.class
./weka/gui/explorer/ClustererPanel$13.class
./weka/gui/explorer/ClustererPanel$14.class
./weka/gui/explorer/ClustererPanel$15.class
./weka/gui/explorer/ClustererPanel$16.class
./weka/gui/explorer/ClustererPanel$17.class
./weka/gui/explorer/ClustererPanel$18.class
./weka/gui/explorer/ClustererPanel$19.class
./weka/gui/explorer/ClustererPanel$20.class
./weka/gui/explorer/ClustererPanel$21.class
./weka/gui/explorer/ClustererPanel$22.class
./weka/gui/explorer/ClustererPanel$23.class
./weka/gui/explorer/ClustererPanel$24.class
./weka/gui/explorer/ClustererPanel.class
./weka/gui/explorer/Explorer$1.class
./weka/gui/explorer/Explorer$2.class
./weka/gui/explorer/Explorer.class
./weka/gui/explorer/PreprocessPanel$1.class
./weka/gui/explorer/PreprocessPanel$2.class
./weka/gui/explorer/PreprocessPanel$3.class
./weka/gui/explorer/PreprocessPanel$4.class
./weka/gui/explorer/PreprocessPanel$5.class
./weka/gui/explorer/PreprocessPanel$6.class
./weka/gui/explorer/PreprocessPanel$7.class
./weka/gui/explorer/PreprocessPanel$8.class
./weka/gui/explorer/PreprocessPanel$9.class
./weka/gui/explorer/PreprocessPanel$10.class
./weka/gui/explorer/PreprocessPanel$11.class
./weka/gui/explorer/PreprocessPanel$12.class
./weka/gui/explorer/PreprocessPanel$13.class
./weka/gui/explorer/PreprocessPanel$14.class
./weka/gui/explorer/PreprocessPanel$16.class
./weka/gui/explorer/PreprocessPanel$15.class
./weka/gui/explorer/PreprocessPanel$17.class
./weka/gui/explorer/PreprocessPanel$18.class
./weka/gui/explorer/PreprocessPanel.class
./weka/gui/streams/InstanceCounter.class
./weka/gui/streams/InstanceListener.class
./weka/gui/streams/InstanceEvent.class
./weka/gui/streams/InstanceJoiner.class
./weka/gui/streams/InstanceProducer.class
./weka/gui/streams/SerialInstanceListener.class
./weka/gui/streams/InstanceLoader$LoadThread.class
./weka/gui/streams/InstanceLoader.class
./weka/gui/streams/InstanceSavePanel.class
./weka/gui/streams/InstanceTable$1.class
./weka/gui/streams/InstanceTable.class
./weka/gui/streams/InstanceViewer.class
./weka/gui/treevisualizer/TreeDisplayListener.class
./weka/gui/treevisualizer/TreeVisualizer$NodeInfo.class
./weka/gui/treevisualizer/TreeVisualizer$EdgeInfo.class
./weka/gui/treevisualizer/TreeVisualizer$1.class
./weka/gui/treevisualizer/TreeVisualizer.class
./weka/gui/treevisualizer/TreeDisplayEvent.class
./weka/gui/treevisualizer/NodePlace.class
./weka/gui/treevisualizer/Node.class
./weka/gui/treevisualizer/Edge.class
./weka/gui/treevisualizer/Colors.class
./weka/gui/treevisualizer/NamedColor.class
./weka/gui/treevisualizer/PlaceNode1.class
./weka/gui/treevisualizer/PlaceNode2$Level.class
./weka/gui/treevisualizer/PlaceNode2$Group.class
./weka/gui/treevisualizer/PlaceNode2$Ease.class
./weka/gui/treevisualizer/PlaceNode2$1.class
./weka/gui/treevisualizer/PlaceNode2.class
./weka/gui/treevisualizer/TreeBuild$InfoObject.class
./weka/gui/treevisualizer/TreeBuild.class
./weka/gui/visualize/VisualizePanelListener.class
./weka/gui/visualize/VisualizePanel$1.class
./weka/gui/visualize/VisualizePanel$2.class
./weka/gui/visualize/VisualizePanel$3.class
./weka/gui/visualize/VisualizePanel$4.class
./weka/gui/visualize/VisualizePanel$PlotPanel.class
./weka/gui/visualize/VisualizePanel$5.class
./weka/gui/visualize/VisualizePanel$6.class
./weka/gui/visualize/VisualizePanel$7.class
./weka/gui/visualize/VisualizePanel$8.class
./weka/gui/visualize/VisualizePanel$9.class
./weka/gui/visualize/VisualizePanel$10.class
./weka/gui/visualize/VisualizePanel$11.class
./weka/gui/visualize/VisualizePanel$12.class
./weka/gui/visualize/VisualizePanel.class
./weka/gui/visualize/VisualizePanelEvent.class
./weka/gui/visualize/Plot2DCompanion.class
./weka/gui/visualize/AttributePanel$1.class
./weka/gui/visualize/AttributePanel$AttributeSpacing.class
./weka/gui/visualize/AttributePanel$2.class
./weka/gui/visualize/AttributePanel$3.class
./weka/gui/visualize/AttributePanel$4.class
./weka/gui/visualize/AttributePanel.class
./weka/gui/visualize/LegendPanel$1.class
./weka/gui/visualize/LegendPanel$2.class
./weka/gui/visualize/LegendPanel$LegendEntry.class
./weka/gui/visualize/LegendPanel$3.class
./weka/gui/visualize/LegendPanel.class
./weka/gui/visualize/ClassPanel$1.class
./weka/gui/visualize/ClassPanel$NomLabel.class
./weka/gui/visualize/ClassPanel$2.class
./weka/gui/visualize/ClassPanel.class
./weka/gui/visualize/PlotData2D.class
./weka/gui/visualize/Plot2D$1.class
./weka/gui/visualize/Plot2D$2.class
./weka/gui/visualize/Plot2D$3.class
./weka/gui/visualize/Plot2D.class
./weka/gui/visualize/AttributePanelListener.class
./weka/gui/visualize/AttributePanelEvent.class
./weka/gui/visualize/MatrixPanel$2.class
./weka/gui/visualize/MatrixPanel$3.class
./weka/gui/visualize/MatrixPanel$4.class
./weka/gui/visualize/MatrixPanel$1.class
./weka/gui/visualize/MatrixPanel$5.class
./weka/gui/visualize/MatrixPanel$6.class
./weka/gui/visualize/MatrixPanel$8.class
./weka/gui/visualize/MatrixPanel$9.class
./weka/gui/visualize/MatrixPanel$7.class
./weka/gui/visualize/MatrixPanel$10.class
./weka/gui/visualize/MatrixPanel$11.class
./weka/gui/visualize/MatrixPanel$Plot.class
./weka/gui/visualize/MatrixPanel.class
./weka/gui/visualize/VisualizeUtils.class
./weka/gui/GenericObjectEditor$JTreePopupMenu.class
./weka/gui/GenericObjectEditor$1.class
./weka/gui/GenericObjectEditor$2.class
./weka/gui/GenericObjectEditor$3.class
./weka/gui/GenericObjectEditor$4.class
./weka/gui/GenericObjectEditor$5.class
./weka/gui/GenericObjectEditor$GOEPanel.class
./weka/gui/GenericObjectEditor$6.class
./weka/gui/GenericObjectEditor$7.class
./weka/gui/GenericObjectEditor$8.class
./weka/gui/GenericObjectEditor.class
./weka/gui/CustomPanelSupplier.class
./weka/gui/PropertyDialog$1.class
./weka/gui/PropertyDialog.class
./weka/gui/Logger.class
./weka/gui/HierarchyPropertyParser$TreeNode.class
./weka/gui/HierarchyPropertyParser$1.class
./weka/gui/HierarchyPropertyParser.class
./weka/gui/PropertyPanel$1.class
./weka/gui/PropertyPanel$2.class
./weka/gui/PropertyPanel.class
./weka/gui/PropertySheetPanel$1.class
./weka/gui/PropertySheetPanel$2.class
./weka/gui/PropertySheetPanel.class
./weka/gui/AttributeListPanel$AttributeTableModel.class
./weka/gui/AttributeListPanel$1.class
./weka/gui/AttributeListPanel.class
./weka/gui/AttributeSelectionPanel$AttributeTableModel.class
./weka/gui/AttributeSelectionPanel$1.class
./weka/gui/AttributeSelectionPanel$2.class
./weka/gui/AttributeSelectionPanel$3.class
./weka/gui/AttributeSelectionPanel$4.class
./weka/gui/AttributeSelectionPanel.class
./weka/gui/AttributeSummaryPanel$2.class
./weka/gui/AttributeSummaryPanel$1.class
./weka/gui/AttributeSummaryPanel$3.class
./weka/gui/AttributeSummaryPanel$4.class
./weka/gui/AttributeSummaryPanel.class
./weka/gui/AttributeVisualizationPanel.class
./weka/gui/CostMatrixEditor$CostMatrixTableModel.class
./weka/gui/CostMatrixEditor$CustomEditor.class
./weka/gui/CostMatrixEditor$1.class
./weka/gui/CostMatrixEditor.class
./weka/gui/ExtensionFileFilter.class
./weka/gui/FileEditor$1.class
./weka/gui/FileEditor.class
./weka/gui/GUIChooser$2.class
./weka/gui/GUIChooser$1.class
./weka/gui/GUIChooser$4.class
./weka/gui/GUIChooser$3.class
./weka/gui/GUIChooser$6.class
./weka/gui/GUIChooser$5.class
./weka/gui/GUIChooser$8.class
./weka/gui/GUIChooser$7.class
./weka/gui/GUIChooser$9.class
./weka/gui/GUIChooser.class
./weka/gui/SimpleCLI$ReaderToTextArea.class
./weka/gui/SimpleCLI$ClassRunner.class
./weka/gui/SimpleCLI$1.class
./weka/gui/SimpleCLI$2.class
./weka/gui/SimpleCLI.class
./weka/gui/GenericArrayEditor$1.class
./weka/gui/GenericArrayEditor$2.class
./weka/gui/GenericArrayEditor$3.class
./weka/gui/GenericArrayEditor$EditorListCellRenderer.class
./weka/gui/GenericArrayEditor$4.class
./weka/gui/GenericArrayEditor$5.class
./weka/gui/GenericArrayEditor.class
./weka/gui/InstancesSummaryPanel$1.class
./weka/gui/InstancesSummaryPanel.class
./weka/gui/ListSelectorDialog$1.class
./weka/gui/ListSelectorDialog$2.class
./weka/gui/ListSelectorDialog.class
./weka/gui/LogPanel$1.class
./weka/gui/LogPanel$2.class
./weka/gui/LogPanel$4.class
./weka/gui/LogPanel$5.class
./weka/gui/LogPanel$3.class
./weka/gui/LogPanel$6.class
./weka/gui/LogPanel.class
./weka/gui/TaskLogger.class
./weka/gui/WekaTaskMonitor$1.class
./weka/gui/WekaTaskMonitor.class
./weka/gui/PropertySelectorDialog$1.class
./weka/gui/PropertySelectorDialog$2.class
./weka/gui/PropertySelectorDialog.class
./weka/gui/PropertyText$1.class
./weka/gui/PropertyText$2.class
./weka/gui/PropertyText.class
./weka/gui/PropertyValueSelector$1.class
./weka/gui/PropertyValueSelector.class
./weka/gui/ResultHistoryPanel$RMouseAdapter.class
./weka/gui/ResultHistoryPanel$RKeyAdapter.class
./weka/gui/ResultHistoryPanel$1.class
./weka/gui/ResultHistoryPanel$2.class
./weka/gui/ResultHistoryPanel$3.class
./weka/gui/ResultHistoryPanel$4.class
./weka/gui/ResultHistoryPanel$5.class
./weka/gui/ResultHistoryPanel$6.class
./weka/gui/ResultHistoryPanel.class
./weka/gui/SaveBuffer$1.class
./weka/gui/SaveBuffer$2.class
./weka/gui/SaveBuffer.class
./weka/gui/SelectedTagEditor$1.class
./weka/gui/SelectedTagEditor.class
./weka/gui/SetInstancesPanel$1.class
./weka/gui/SetInstancesPanel$2.class
./weka/gui/SetInstancesPanel$3.class
./weka/gui/SetInstancesPanel$4.class
./weka/gui/SetInstancesPanel.class
./weka/gui/SysErrLog.class
./weka/deduping/metrics/InstanceMetric.class
./weka/deduping/metrics/StringMetric.class
./weka/deduping/metrics/AffineMetric.class
./weka/deduping/metrics/AffineProbMetric.class
./weka/deduping/metrics/LearnableStringMetric.class
./weka/deduping/metrics/ClassifierInstanceMetric.class
./weka/deduping/metrics/DataDependentStringMetric.class
./weka/deduping/metrics/HashMapVector.class
./weka/deduping/metrics/JaccardMetric.class
./weka/deduping/metrics/Tokenizer.class
./weka/deduping/metrics/Porter.class
./weka/deduping/metrics/NewString.class
./weka/deduping/metrics/StringReference.class
./weka/deduping/metrics/KernelVSMetric.class
./weka/deduping/metrics/NGramTokenizer.class
./weka/deduping/metrics/SumInstanceMetric.class
./weka/deduping/metrics/TokenInfo.class
./weka/deduping/metrics/TokenOccurrence.class
./weka/deduping/metrics/VectorSpaceMetric.class
./weka/deduping/metrics/Weight.class
./weka/deduping/metrics/WordTokenizer.class
./weka/deduping/Deduper.class
./weka/deduping/BasicDeduper.class
./weka/deduping/DedupingEvaluation.class
./weka/deduping/InstancePair.class
./weka/deduping/PairwiseSelector$ReverseComparator.class
./weka/deduping/PairwiseSelector.class
./weka/deduping/StringPair.class
./weka/deduping/blocking/Blocking$InstancePairComparator.class
./weka/deduping/blocking/Blocking.class
./weka/deduping/blocking/InstanceReference.class
./weka/deduping/blocking/TokenInstanceOccurrence.class
./weka/extraction/Extractor.class
./weka/extraction/ClusteringExtractor.class
./weka/extraction/ExtractionEvaluation.class
./GetAllSubPackages.class
