./weka/datagenerators/BIRCHCluster.java
./weka/datagenerators/WordLengthFilter.java
./weka/datagenerators/DocumentReader.java
./weka/datagenerators/ClusterGenerator.java
./weka/datagenerators/Test.java
./weka/datagenerators/StopWordFilter.java
./weka/datagenerators/SimpleLexer.java
./weka/datagenerators/LowerCaseFilter.java
./weka/datagenerators/RDG1.java
./weka/datagenerators/Lexer.java
./weka/datagenerators/TokenFilter.java
./weka/datagenerators/TextSource.java
./weka/datagenerators/DirectoryDocumentReader.java
./weka/datagenerators/Generator.java
./weka/datagenerators/PorterStemmer.java
./weka/clusterers/DistributionClusterer.java
./weka/clusterers/EM.java
./weka/clusterers/Cobweb.java
./weka/clusterers/SemiSupClustererEvaluation.java
./weka/clusterers/InstancePair.java
./weka/clusterers/Clusterer.java
./weka/clusterers/XMeans.java
./weka/clusterers/ClusterUtils.java
./weka/clusterers/HAC.java
./weka/clusterers/ActiveLearningClusterer.java
./weka/clusterers/PCKMeans.java
./weka/clusterers/ClusterEvaluation.java
./weka/clusterers/DistributionMetaClusterer.java
./weka/clusterers/SeededKMeans.java
./weka/clusterers/assigners/SimpleAssigner.java
./weka/clusterers/assigners/MPCKMeansAssigner.java
./weka/clusterers/assigners/RandomAssigner.java
./weka/clusterers/assigners/SortedAssigner.java
./weka/clusterers/assigners/LPAssigner.java
./weka/clusterers/assigners/RMNAssigner.java
./weka/clusterers/Seeder.java
./weka/clusterers/regularizers/L1.java
./weka/clusterers/regularizers/Regularizer.java
./weka/clusterers/regularizers/Rayleigh.java
./weka/clusterers/Cluster.java
./weka/clusterers/metriclearners/DotPGDLearner.java
./weka/clusterers/metriclearners/MahalanobisLearner.java
./weka/clusterers/metriclearners/WEuclideanGDLearner.java
./weka/clusterers/metriclearners/KLGDLearner.java
./weka/clusterers/metriclearners/MetricLearner.java
./weka/clusterers/metriclearners/GDMetricLearner.java
./weka/clusterers/metriclearners/WEuclideanLearner.java
./weka/clusterers/metriclearners/MPCKMeansMetricLearner.java
./weka/clusterers/metriclearners/FakeGDLearner.java
./weka/clusterers/FarthestFirst.java
./weka/clusterers/PCSoftKMeans.java
./weka/clusterers/SimpleKMeans.java
./weka/clusterers/MPCKMeans.java
./weka/clusterers/NaiveKMeans.java
./weka/clusterers/AlgVector.java
./weka/clusterers/SemiSupClusterer.java
./weka/clusterers/initializers/WeightedFFNeighborhoodInit.java
./weka/clusterers/initializers/MPCKMeansInitializer.java
./weka/clusterers/initializers/RandomPerturbInitializer.java
./weka/attributeSelection/PrincipalComponents.java
./weka/attributeSelection/HoldOutSubsetEvaluator.java
./weka/attributeSelection/CfsSubsetEval.java
./weka/attributeSelection/AttributeTransformer.java
./weka/attributeSelection/ConsistencySubsetEval.java
./weka/attributeSelection/RankSearch.java
./weka/attributeSelection/BestFirst.java
./weka/attributeSelection/SVMAttributeEval.java
./weka/attributeSelection/StartSetHandler.java
./weka/attributeSelection/ASEvaluation.java
./weka/attributeSelection/AttributeSelection.java
./weka/attributeSelection/RaceSearch.java
./weka/attributeSelection/RandomSearch.java
./weka/attributeSelection/UnsupervisedAttributeEvaluator.java
./weka/attributeSelection/UnsupervisedSubsetEvaluator.java
./weka/attributeSelection/GainRatioAttributeEval.java
./weka/attributeSelection/RankedOutputSearch.java
./weka/attributeSelection/ErrorBasedMeritEvaluator.java
./weka/attributeSelection/MatlabPCA.java
./weka/attributeSelection/OneRAttributeEval.java
./weka/attributeSelection/ASSearch.java
./weka/attributeSelection/ClassifierSubsetEval.java
./weka/attributeSelection/ForwardSelection.java
./weka/attributeSelection/MatlabICA.java
./weka/attributeSelection/ExhaustiveSearch.java
./weka/attributeSelection/AttributeEvaluator.java
./weka/attributeSelection/Ranker.java
./weka/attributeSelection/ReliefFAttributeEval.java
./weka/attributeSelection/GeneticSearch.java
./weka/attributeSelection/ChiSquaredAttributeEval.java
./weka/attributeSelection/MatlabNMF.java
./weka/attributeSelection/SubsetEvaluator.java
./weka/attributeSelection/InfoGainAttributeEval.java
./weka/attributeSelection/SymmetricalUncertAttributeEval.java
./weka/attributeSelection/WrapperSubsetEval.java
./weka/associations/ItemSet.java
./weka/associations/Associator.java
./weka/associations/Apriori.java
./weka/core/Instance.java
./weka/core/Range.java
./weka/core/Option.java
./weka/core/Statistics.java
./weka/core/SparseInstance.java
./weka/core/Instances.java
./weka/core/DynamicArrayOfPosInt.java
./weka/core/ContingencyTables.java
./weka/core/Copyable.java
./weka/core/Summarizable.java
./weka/core/KDTree.java
./weka/core/Randomizable.java
./weka/core/Attribute.java
./weka/core/UnassignedDatasetException.java
./weka/core/Tag.java
./weka/core/SoftClassifiedSparseInstance.java
./weka/core/metrics/TrainingPair.java
./weka/core/metrics/WeightedEuclidean.java
./weka/core/metrics/OfflineLearnableMetric.java
./weka/core/metrics/PairwiseSelector.java
./weka/core/metrics/InstanceConverter.java
./weka/core/metrics/ClassifierMetricLearner.java
./weka/core/metrics/HardPairwiseSelector.java
./weka/core/metrics/WeightedDotP.java
./weka/core/metrics/XingMetric.java
./weka/core/metrics/MetricLearner.java
./weka/core/metrics/GDMetricLearner.java
./weka/core/metrics/BarHillelMetricMatlab.java
./weka/core/metrics/Metric.java
./weka/core/metrics/WeightedMahalanobis.java
./weka/core/metrics/SmoothingMetric.java
./weka/core/metrics/BarHillelMetric.java
./weka/core/metrics/KL.java
./weka/core/metrics/LearnableMetric.java
./weka/core/metrics/AttrEvalMetricLearner.java
./weka/core/metrics/RandomPairwiseSelector.java
./weka/core/metrics/MatlabMetricLearner.java
./weka/core/Matrix.java
./weka/core/Queue.java
./weka/core/Matchable.java
./weka/core/SoftClassifiedInstances.java
./weka/core/DistanceFunction.java
./weka/core/SoftClassifiedFullInstance.java
./weka/core/converters/Loader.java
./weka/core/converters/ConverterUtils.java
./weka/core/converters/IncrementalLoader.java
./weka/core/converters/BatchLoader.java
./weka/core/converters/ArffLoader.java
./weka/core/converters/AbstractLoader.java
./weka/core/converters/CSVLoader.java
./weka/core/converters/C45Loader.java
./weka/core/converters/SerializedInstancesLoader.java
./weka/core/FastVector.java
./weka/core/AttributeStats.java
./weka/core/UnsupportedAttributeTypeException.java
./weka/core/BinarySparseInstance.java
./weka/core/SoftClassifiedInstance.java
./weka/core/SpecialFunctions.java
./weka/core/OptionHandler.java
./weka/core/AdditionalMeasureProducer.java
./weka/core/NoSupportForMissingValuesException.java
./weka/core/ProtectedProperties.java
./weka/core/UnassignedClassException.java
./weka/core/Drawable.java
./weka/core/RandomVariates.java
./weka/core/AlgVector.java
./weka/core/UnsupportedClassTypeException.java
./weka/core/Optimization.java
./weka/core/EuclideanDistance.java
./weka/core/WekaException.java
./weka/core/SerializedObject.java
./weka/core/SelectedTag.java
./weka/core/WeightedInstancesHandler.java
./weka/core/Utils.java
./weka/core/CheckOptionHandler.java
./weka/core/Pair.java
./weka/classifiers/RegressionBVDecompose.java
./weka/classifiers/sparse/NaiveBayesSimpleSparseSoft.java
./weka/classifiers/sparse/RBFKernel.java
./weka/classifiers/sparse/NaiveBayesSimpleSparse.java
./weka/classifiers/sparse/IBkMetric.java
./weka/classifiers/sparse/NormalizedPolyKernel.java
./weka/classifiers/sparse/PolyKernel.java
./weka/classifiers/sparse/SVMlight.java
./weka/classifiers/sparse/SVMcplex.java
./weka/classifiers/sparse/Kernel.java
./weka/classifiers/BVDecompose.java
./weka/classifiers/Sourcable.java
./weka/classifiers/Classifier.java
./weka/classifiers/evaluation/TwoClassStats.java
./weka/classifiers/evaluation/ConfusionMatrix.java
./weka/classifiers/evaluation/Prediction.java
./weka/classifiers/evaluation/NominalPrediction.java
./weka/classifiers/evaluation/EvaluationUtils.java
./weka/classifiers/evaluation/ThresholdCurve.java
./weka/classifiers/evaluation/CostCurve.java
./weka/classifiers/evaluation/MarginCurve.java
./weka/classifiers/evaluation/NumericPrediction.java
./weka/classifiers/SoftClassifier.java
./weka/classifiers/Evaluation.java
./weka/classifiers/bayes/NaiveBayesSimpleSoft.java
./weka/classifiers/bayes/Scoreable.java
./weka/classifiers/bayes/BayesNetB2.java
./weka/classifiers/bayes/VaryNode.java
./weka/classifiers/bayes/ADNode.java
./weka/classifiers/bayes/NaiveBayesSimple.java
./weka/classifiers/bayes/BayesNetK2.java
./weka/classifiers/bayes/ParentSet.java
./weka/classifiers/bayes/BayesNetB.java
./weka/classifiers/bayes/NaiveBayesUpdateable.java
./weka/classifiers/bayes/BayesNet.java
./weka/classifiers/bayes/NaiveBayes.java
./weka/classifiers/bayes/SemiSupEM.java
./weka/classifiers/bayes/DiscreteEstimatorBayes.java
./weka/classifiers/SemiSupClassifier.java
./weka/classifiers/misc/PrototypeMetric.java
./weka/classifiers/misc/HyperPipes.java
./weka/classifiers/misc/Prototype.java
./weka/classifiers/misc/VFI.java
./weka/classifiers/IterativeClassifier.java
./weka/classifiers/ActiveFeatureAcquirer.java
./weka/classifiers/EnsembleClassifier.java
./weka/classifiers/lazy/kstar/KStarNominalAttribute.java
./weka/classifiers/lazy/kstar/KStarConstants.java
./weka/classifiers/lazy/kstar/KStar.java
./weka/classifiers/lazy/kstar/KStarNumericAttribute.java
./weka/classifiers/lazy/kstar/KStarWrapper.java
./weka/classifiers/lazy/kstar/KStarCache.java
./weka/classifiers/lazy/IB1.java
./weka/classifiers/lazy/IBk.java
./weka/classifiers/lazy/LWR.java
./weka/classifiers/lazy/LBR.java
./weka/classifiers/UpdateableClassifier.java
./weka/classifiers/ActiveLearner.java
./weka/classifiers/trees/REPTree.java
./weka/classifiers/trees/m5/M5P.java
./weka/classifiers/trees/m5/Impurity.java
./weka/classifiers/trees/m5/M5Base.java
./weka/classifiers/trees/m5/Rule.java
./weka/classifiers/trees/m5/SplitEvaluate.java
./weka/classifiers/trees/m5/YongSplitInfo.java
./weka/classifiers/trees/m5/CorrelationSplitInfo.java
./weka/classifiers/trees/m5/Values.java
./weka/classifiers/trees/m5/RuleNode.java
./weka/classifiers/trees/j48/J48.java
./weka/classifiers/trees/j48/GainRatioSplitCrit.java
./weka/classifiers/trees/j48/ClassifierSplitModel.java
./weka/classifiers/trees/j48/EntropyBasedSplitCrit.java
./weka/classifiers/trees/j48/SplitCriterion.java
./weka/classifiers/trees/j48/FAT.java
./weka/classifiers/trees/j48/C45PruneableClassifierTree.java
./weka/classifiers/trees/j48/PruneableClassifierTree.java
./weka/classifiers/trees/j48/C45ModelSelection.java
./weka/classifiers/trees/j48/Distribution.java
./weka/classifiers/trees/j48/NoSplit.java
./weka/classifiers/trees/j48/InfoGainSplitCrit.java
./weka/classifiers/trees/j48/Stats.java
./weka/classifiers/trees/j48/BinC45Split.java
./weka/classifiers/trees/j48/ClassifierTree.java
./weka/classifiers/trees/j48/BinC45ModelSelection.java
./weka/classifiers/trees/j48/ModelSelection.java
./weka/classifiers/trees/j48/C45Split.java
./weka/classifiers/trees/j48/EntropySplitCrit.java
./weka/classifiers/trees/adtree/TwoWayNumericSplit.java
./weka/classifiers/trees/adtree/TwoWayNominalSplit.java
./weka/classifiers/trees/adtree/PredictionNode.java
./weka/classifiers/trees/adtree/ReferenceInstances.java
./weka/classifiers/trees/adtree/ADTree.java
./weka/classifiers/trees/adtree/Splitter.java
./weka/classifiers/trees/Id3.java
./weka/classifiers/trees/RandomTree.java
./weka/classifiers/trees/RandomForest.java
./weka/classifiers/trees/DecisionStump.java
./weka/classifiers/trees/UserClassifier.java
./weka/classifiers/EnsembleEvaluation.java
./weka/classifiers/rules/OneR.java
./weka/classifiers/rules/M5Rules.java
./weka/classifiers/rules/Prism.java
./weka/classifiers/rules/Ridor.java
./weka/classifiers/rules/part/PruneableDecList.java
./weka/classifiers/rules/part/MakeDecList.java
./weka/classifiers/rules/part/C45PruneableDecList.java
./weka/classifiers/rules/part/PART.java
./weka/classifiers/rules/part/ClassifierDecList.java
./weka/classifiers/rules/RuleStats.java
./weka/classifiers/rules/Rule.java
./weka/classifiers/rules/DecisionTable.java
./weka/classifiers/rules/ZeroR.java
./weka/classifiers/rules/ConjunctiveRule.java
./weka/classifiers/rules/JRip.java
./weka/classifiers/DistributionClassifier.java
./weka/classifiers/BudgetedLearner.java
./weka/classifiers/functions/UnivariateLinearRegression.java
./weka/classifiers/functions/SMO.java
./weka/classifiers/functions/Winnow.java
./weka/classifiers/functions/LinearRegression.java
./weka/classifiers/functions/pace/NormalMixture.java
./weka/classifiers/functions/pace/MixtureDistribution.java
./weka/classifiers/functions/pace/FloatingPointFormat.java
./weka/classifiers/functions/pace/ExponentialFormat.java
./weka/classifiers/functions/pace/Matrix.java
./weka/classifiers/functions/pace/PaceMatrix.java
./weka/classifiers/functions/pace/ChisqMixture.java
./weka/classifiers/functions/pace/Maths.java
./weka/classifiers/functions/pace/IntVector.java
./weka/classifiers/functions/pace/DoubleVector.java
./weka/classifiers/functions/pace/DiscreteFunction.java
./weka/classifiers/functions/pace/PaceRegression.java
./weka/classifiers/functions/pace/FlexibleDecimalFormat.java
./weka/classifiers/functions/neural/NeuralNetwork.java
./weka/classifiers/functions/neural/LinearUnit.java
./weka/classifiers/functions/neural/NeuralNode.java
./weka/classifiers/functions/neural/NeuralMethod.java
./weka/classifiers/functions/neural/NeuralConnection.java
./weka/classifiers/functions/neural/SigmoidUnit.java
./weka/classifiers/functions/LeastMedSq.java
./weka/classifiers/functions/VotedPerceptron.java
./weka/classifiers/functions/Logistic.java
./weka/classifiers/CostMatrix.java
./weka/classifiers/CheckClassifier.java
./weka/classifiers/meta/DEC.java
./weka/classifiers/meta/RegressionByDiscretization.java
./weka/classifiers/meta/QBag.java
./weka/classifiers/meta/Blue.java
./weka/classifiers/meta/LogitBoost.java
./weka/classifiers/meta/TestEnsembleClassifier.java
./weka/classifiers/meta/AttributeSelectedClassifier.java
./weka/classifiers/meta/Stacking.java
./weka/classifiers/meta/MetaCost.java
./weka/classifiers/meta/CVParameterSelection.java
./weka/classifiers/meta/MultiClassClassifier.java
./weka/classifiers/meta/ThresholdSelector.java
./weka/classifiers/meta/Crate.java
./weka/classifiers/meta/QBoost.java
./weka/classifiers/meta/AdaBoostM1.java
./weka/classifiers/meta/DistributionMetaClassifier.java
./weka/classifiers/meta/ActiveDecorate.java
./weka/classifiers/meta/MultiBoostAB.java
./weka/classifiers/meta/ClassificationViaRegression.java
./weka/classifiers/meta/Decorate.java
./weka/classifiers/meta/Fable.java
./weka/classifiers/meta/AdditiveRegression.java
./weka/classifiers/meta/Bagging.java
./weka/classifiers/meta/OrdinalClassClassifier.java
./weka/classifiers/meta/MultiScheme.java
./weka/classifiers/meta/CostSensitiveClassifier.java
./weka/classifiers/meta/SemiSupDecorate.java
./weka/classifiers/meta/FilteredClassifier.java
./weka/classifiers/meta/RacedIncrementalLogitBoost.java
./weka/experiment/SemiSupCrossValidationResultProducer.java
./weka/experiment/ResultListener.java
./weka/experiment/SemiSupIncompleteLabelCurveCVResultProducer.java
./weka/experiment/Task.java
./weka/experiment/NoiseGrapher.java
./weka/experiment/PairedStats.java
./weka/experiment/SemiSupPairActiveCurveCVResultProducer.java
./weka/experiment/Grapher.java
./weka/experiment/RemoteExperiment.java
./weka/experiment/CrossValidationResultProducer.java
./weka/experiment/DatabaseResultListener.java
./weka/experiment/DeduperSplitEvaluator.java
./weka/experiment/RandomSplitResultProducer.java
./weka/experiment/ExtractionResultProducer.java
./weka/experiment/ActiveFeatureAcquisitionCVResultProducer.java
./weka/experiment/ActiveLearningCurveCVResultProducer.java
./weka/experiment/CostSensitiveClassifierSplitEvaluator.java
./weka/experiment/BudgetedLearningCurveResultProducer.java
./weka/experiment/SemiSupClassifierSplitEvaluator.java
./weka/experiment/PairedTTester.java
./weka/experiment/RemoteEngine.java
./weka/experiment/DatabaseUtils.java
./weka/experiment/InstancesResultListener.java
./weka/experiment/SemiSupClustererSplitEvaluator.java
./weka/experiment/NoiseCurveCrossValidationResultProducer.java
./weka/experiment/RegressionSplitEvaluator.java
./weka/experiment/DedupingPRCurveCVResultProducerSplit.java
./weka/experiment/CSVResultListener.java
./weka/experiment/RemoteExperimentSubTask.java
./weka/experiment/FeatureCostSensitiveClassifierSplitEvaluator.java
./weka/experiment/Stats.java
./weka/experiment/Experiment.java
./weka/experiment/DedupingPRCurveCVResultProducer.java
./weka/experiment/ExtractionSplitEvaluator.java
./weka/experiment/SplitEvaluator.java
./weka/experiment/RemoteExperimentListener.java
./weka/experiment/LearningRateResultProducer.java
./weka/experiment/PropertyNode.java
./weka/experiment/InstanceQuery.java
./weka/experiment/SemiSupLearningCurveCVResultProducer.java
./weka/experiment/ClassifierSplitEvaluator.java
./weka/experiment/SemiSupSplitEvaluator.java
./weka/experiment/DatabaseResultProducer.java
./weka/experiment/TaskStatusInfo.java
./weka/experiment/Compute.java
./weka/experiment/ResultProducer.java
./weka/experiment/LearningCurveCrossValidationResultProducer.java
./weka/experiment/RemoteExperimentEvent.java
./weka/experiment/OutputZipper.java
./weka/experiment/EnsembleClassifierSplitEvaluator.java
./weka/experiment/AveragingResultProducer.java
./weka/experiment/SemiSupPointActiveCurveCVResultProducer.java
./weka/gui/Logger.java
./weka/gui/SimpleCLI.java
./weka/gui/PropertyValueSelector.java
./weka/gui/PropertySheetPanel.java
./weka/gui/ListSelectorDialog.java
./weka/gui/AttributeVisualizationPanel.java
./weka/gui/GenericObjectEditor.java
./weka/gui/SelectedTagEditor.java
./weka/gui/PropertySelectorDialog.java
./weka/gui/InstancesSummaryPanel.java
./weka/gui/CostMatrixEditor.java
./weka/gui/TaskLogger.java
./weka/gui/HierarchyPropertyParser.java
./weka/gui/streams/InstanceListener.java
./weka/gui/streams/InstanceProducer.java
./weka/gui/streams/InstanceLoader.java
./weka/gui/streams/SerialInstanceListener.java
./weka/gui/streams/InstanceJoiner.java
./weka/gui/streams/InstanceViewer.java
./weka/gui/streams/InstanceTable.java
./weka/gui/streams/InstanceCounter.java
./weka/gui/streams/InstanceSavePanel.java
./weka/gui/streams/InstanceEvent.java
./weka/gui/AttributeSummaryPanel.java
./weka/gui/AttributeListPanel.java
./weka/gui/AttributeSelectionPanel.java
./weka/gui/SaveBuffer.java
./weka/gui/explorer/ClassifierPanel.java
./weka/gui/explorer/PreprocessPanel.java
./weka/gui/explorer/AttributeSelectionPanel.java
./weka/gui/explorer/AssociationsPanel.java
./weka/gui/explorer/ClustererPanel.java
./weka/gui/explorer/Explorer.java
./weka/gui/ResultHistoryPanel.java
./weka/gui/GenericArrayEditor.java
./weka/gui/visualize/MatrixPanel.java
./weka/gui/visualize/Plot2DCompanion.java
./weka/gui/visualize/VisualizePanelListener.java
./weka/gui/visualize/AttributePanelListener.java
./weka/gui/visualize/LegendPanel.java
./weka/gui/visualize/VisualizePanel.java
./weka/gui/visualize/AttributePanel.java
./weka/gui/visualize/Plot2D.java
./weka/gui/visualize/VisualizeUtils.java
./weka/gui/visualize/PlotData2D.java
./weka/gui/visualize/VisualizePanelEvent.java
./weka/gui/visualize/ClassPanel.java
./weka/gui/visualize/AttributePanelEvent.java
./weka/gui/PropertyDialog.java
./weka/gui/FileEditor.java
./weka/gui/boundaryvisualizer/BoundaryVisualizer.java
./weka/gui/boundaryvisualizer/EMDataGenerator.java
./weka/gui/boundaryvisualizer/BoundaryPanel.java
./weka/gui/boundaryvisualizer/DataGenerator.java
./weka/gui/boundaryvisualizer/KDDataGenerator.java
./weka/gui/experiment/HostListPanel.java
./weka/gui/experiment/AlgorithmListPanel.java
./weka/gui/experiment/SimpleSetupPanel.java
./weka/gui/experiment/RunNumberPanel.java
./weka/gui/experiment/Experimenter.java
./weka/gui/experiment/SetupModePanel.java
./weka/gui/experiment/DatasetListPanel.java
./weka/gui/experiment/GeneratorPropertyIteratorPanel.java
./weka/gui/experiment/DistributeExperimentPanel.java
./weka/gui/experiment/ResultsPanel.java
./weka/gui/experiment/SetupPanel.java
./weka/gui/experiment/RunPanel.java
./weka/gui/CustomPanelSupplier.java
./weka/gui/beans/CrossValidationFoldMaker.java
./weka/gui/beans/Visible.java
./weka/gui/beans/CrossValidationFoldMakerCustomizer.java
./weka/gui/beans/GraphEvent.java
./weka/gui/beans/GraphViewerBeanInfo.java
./weka/gui/beans/ClassifierBeanInfo.java
./weka/gui/beans/AbstractTrainingSetProducerBeanInfo.java
./weka/gui/beans/InstanceListener.java
./weka/gui/beans/Loader.java
./weka/gui/beans/ChartListener.java
./weka/gui/beans/StripChartCustomizer.java
./weka/gui/beans/IncrementalClassifierEvaluator.java
./weka/gui/beans/AbstractTrainAndTestSetProducer.java
./weka/gui/beans/AbstractTestSetProducer.java
./weka/gui/beans/TrainingSetMakerBeanInfo.java
./weka/gui/beans/KnowledgeFlow.java
./weka/gui/beans/LoaderBeanInfo.java
./weka/gui/beans/AbstractTrainingSetProducer.java
./weka/gui/beans/ClassifierPerformanceEvaluator.java
./weka/gui/beans/DataVisualizer.java
./weka/gui/beans/IncrementalClassifierListener.java
./weka/gui/beans/AbstractDataSourceBeanInfo.java
./weka/gui/beans/Classifier.java
./weka/gui/beans/Filter.java
./weka/gui/beans/BeanInstance.java
./weka/gui/beans/StripChart.java
./weka/gui/beans/ClassAssignerBeanInfo.java
./weka/gui/beans/TrainingSetMaker.java
./weka/gui/beans/GraphViewer.java
./weka/gui/beans/TrainTestSplitMakerCustomizer.java
./weka/gui/beans/BeanVisual.java
./weka/gui/beans/CrossValidationFoldMakerBeanInfo.java
./weka/gui/beans/DataSourceListener.java
./weka/gui/beans/DataSource.java
./weka/gui/beans/GraphListener.java
./weka/gui/beans/TrainingSetProducer.java
./weka/gui/beans/ClassAssignerCustomizer.java
./weka/gui/beans/FilterCustomizer.java
./weka/gui/beans/ClassAssigner.java
./weka/gui/beans/AbstractEvaluator.java
./weka/gui/beans/TestSetListener.java
./weka/gui/beans/AbstractTestSetProducerBeanInfo.java
./weka/gui/beans/TestSetMaker.java
./weka/gui/beans/AbstractTrainAndTestSetProducerBeanInfo.java
./weka/gui/beans/TestSetProducer.java
./weka/gui/beans/TrainTestSplitMakerBeanInfo.java
./weka/gui/beans/EventConstraints.java
./weka/gui/beans/WekaWrapper.java
./weka/gui/beans/DataSetEvent.java
./weka/gui/beans/TextViewer.java
./weka/gui/beans/ClassifierPerformanceEvaluatorBeanInfo.java
./weka/gui/beans/TrainTestSplitMaker.java
./weka/gui/beans/ChartEvent.java
./weka/gui/beans/BatchClassifierListener.java
./weka/gui/beans/DataVisualizerBeanInfo.java
./weka/gui/beans/FilterBeanInfo.java
./weka/gui/beans/BeanConnection.java
./weka/gui/beans/TextViewerBeanInfo.java
./weka/gui/beans/TestSetEvent.java
./weka/gui/beans/BatchClassifierEvent.java
./weka/gui/beans/StripChartBeanInfo.java
./weka/gui/beans/BeanCommon.java
./weka/gui/beans/LoaderCustomizer.java
./weka/gui/beans/IncrementalClassifierEvent.java
./weka/gui/beans/TestSetMakerBeanInfo.java
./weka/gui/beans/TrainingSetListener.java
./weka/gui/beans/AbstractDataSource.java
./weka/gui/beans/InstanceEvent.java
./weka/gui/beans/ClassifierCustomizer.java
./weka/gui/beans/TextEvent.java
./weka/gui/beans/UserRequestAcceptor.java
./weka/gui/beans/TextListener.java
./weka/gui/beans/TrainingSetEvent.java
./weka/gui/beans/IncrementalClassifierEvaluatorBeanInfo.java
./weka/gui/SysErrLog.java
./weka/gui/LogPanel.java
./weka/gui/GUIChooser.java
./weka/gui/treevisualizer/TreeDisplayListener.java
./weka/gui/treevisualizer/TreeBuild.java
./weka/gui/treevisualizer/NodePlace.java
./weka/gui/treevisualizer/Node.java
./weka/gui/treevisualizer/TreeVisualizer.java
./weka/gui/treevisualizer/Edge.java
./weka/gui/treevisualizer/Colors.java
./weka/gui/treevisualizer/TreeDisplayEvent.java
./weka/gui/treevisualizer/PlaceNode2.java
./weka/gui/treevisualizer/PlaceNode1.java
./weka/gui/treevisualizer/NamedColor.java
./weka/gui/WekaTaskMonitor.java
./weka/gui/SetInstancesPanel.java
./weka/gui/ExtensionFileFilter.java
./weka/gui/PropertyPanel.java
./weka/gui/PropertyText.java
./weka/deduping/InstancePair.java
./weka/deduping/PairwiseSelector.java
./weka/deduping/blocking/InstanceReference.java
./weka/deduping/blocking/Blocking.java
./weka/deduping/blocking/TokenInstanceOccurrence.java
./weka/deduping/BasicDeduper.java
./weka/deduping/DedupingEvaluation.java
./weka/deduping/metrics/HashMapVector.java
./weka/deduping/metrics/Weight.java
./weka/deduping/metrics/TokenString.java
./weka/deduping/metrics/SumInstanceMetric.java
./weka/deduping/metrics/JaccardMetric.java
./weka/deduping/metrics/TokenOccurrence.java
./weka/deduping/metrics/InstanceMetric.java
./weka/deduping/metrics/LearnableTokenEDAffine.java
./weka/deduping/metrics/StringReference.java
./weka/deduping/metrics/StringMetric.java
./weka/deduping/metrics/Porter.java
./weka/deduping/metrics/TokenInfo.java
./weka/deduping/metrics/WordTokenizer.java
./weka/deduping/metrics/VectorSpaceMetric.java
./weka/deduping/metrics/KernelVSMetric.java
./weka/deduping/metrics/LearnableStringMetric.java
./weka/deduping/metrics/AffineProbMetric.java
./weka/deduping/metrics/DataDependentStringMetric.java
./weka/deduping/metrics/NGramTokenizer.java
./weka/deduping/metrics/ClassifierInstanceMetric.java
./weka/deduping/metrics/AffineMetric.java
./weka/deduping/metrics/Tokenizer.java
./weka/deduping/Deduper.java
./weka/deduping/StringPair.java
./weka/filters/SupervisedFilter.java
./weka/filters/StreamableFilter.java
./weka/filters/Filter.java
./weka/filters/supervised/instance/Resample.java
./weka/filters/supervised/instance/SpreadSubsample.java
./weka/filters/supervised/instance/StratifiedRemoveFolds.java
./weka/filters/supervised/attribute/NominalToBinary.java
./weka/filters/supervised/attribute/Discretize.java
./weka/filters/supervised/attribute/AttributeSelection.java
./weka/filters/supervised/attribute/ClassOrder.java
./weka/filters/UnsupervisedFilter.java
./weka/filters/AllFilter.java
./weka/filters/NullFilter.java
./weka/filters/unsupervised/instance/NonSparseToSparse.java
./weka/filters/unsupervised/instance/Resample.java
./weka/filters/unsupervised/instance/Randomize.java
./weka/filters/unsupervised/instance/RemoveFolds.java
./weka/filters/unsupervised/instance/RemoveMisclassified.java
./weka/filters/unsupervised/instance/RemoveRange.java
./weka/filters/unsupervised/instance/RemoveWithValues.java
./weka/filters/unsupervised/instance/RemovePercentage.java
./weka/filters/unsupervised/instance/SparseToNonSparse.java
./weka/filters/unsupervised/attribute/Add.java
./weka/filters/unsupervised/attribute/Copy.java
./weka/filters/unsupervised/attribute/SwapValues.java
./weka/filters/unsupervised/attribute/Remove.java
./weka/filters/unsupervised/attribute/AddNoise.java
./weka/filters/unsupervised/attribute/RemoveType.java
./weka/filters/unsupervised/attribute/NumericToBinary.java
./weka/filters/unsupervised/attribute/AddExpression.java
./weka/filters/unsupervised/attribute/NominalToBinary.java
./weka/filters/unsupervised/attribute/MergeTwoValues.java
./weka/filters/unsupervised/attribute/Discretize.java
./weka/filters/unsupervised/attribute/TimeSeriesDelta.java
./weka/filters/unsupervised/attribute/StringToWordVector.java
./weka/filters/unsupervised/attribute/Normalize.java
./weka/filters/unsupervised/attribute/RemoveUseless.java
./weka/filters/unsupervised/attribute/NumericTransform.java
./weka/filters/unsupervised/attribute/StringToNominal.java
./weka/filters/unsupervised/attribute/ReplaceMissingValues.java
./weka/filters/unsupervised/attribute/FirstOrder.java
./weka/filters/unsupervised/attribute/MakeIndicator.java
./weka/filters/unsupervised/attribute/Obfuscate.java
./weka/filters/unsupervised/attribute/Standardize.java
./weka/filters/unsupervised/attribute/PKIDiscretize.java
./weka/filters/unsupervised/attribute/TimeSeriesTranslate.java
./weka/filters/unsupervised/attribute/AbstractTimeSeries.java
./weka/filters/unsupervised/attribute/UnitVector.java
./weka/filters/unsupervised/attribute/AddCluster.java
./weka/estimators/KernelEstimator.java
./weka/estimators/NDConditionalEstimator.java
./weka/estimators/DiscreteEstimator.java
./weka/estimators/DKConditionalEstimator.java
./weka/estimators/KKConditionalEstimator.java
./weka/estimators/PoissonEstimator.java
./weka/estimators/KDConditionalEstimator.java
./weka/estimators/NormalEstimator.java
./weka/estimators/NNConditionalEstimator.java
./weka/estimators/DDConditionalEstimator.java
./weka/estimators/MahalanobisEstimator.java
./weka/estimators/Estimator.java
./weka/estimators/ConditionalEstimator.java
./weka/estimators/DNConditionalEstimator.java
./weka/extraction/ClusteringExtractor.java
./weka/extraction/ExtractionEvaluation.java
./weka/extraction/Extractor.java
./GetAllSubPackages.java
